0 info it worked if it ends with ok
1 verbose cli [ 'c:\\Program Files\\nodejs\\node.exe',
1 verbose cli   'c:\\Program Files\\nodejs\\node_modules\\npm\\bin\\npm-cli.js',
1 verbose cli   'start' ]
2 info using npm@3.3.12
3 info using node@v5.2.0
4 verbose run-script [ 'prestart', 'start', 'poststart' ]
5 info lifecycle angular2-webpack@1.0.0~prestart: angular2-webpack@1.0.0
6 silly lifecycle angular2-webpack@1.0.0~prestart: no script for prestart, continuing
7 info lifecycle angular2-webpack@1.0.0~start: angular2-webpack@1.0.0
8 verbose lifecycle angular2-webpack@1.0.0~start: unsafe-perm in lifecycle true
9 verbose lifecycle angular2-webpack@1.0.0~start: PATH: C:\Users\Dunn\AppData\Roaming\nvm\v5.2.0\node_modules\npm\bin\node-gyp-bin;F:\code2\ts-webpack-repo-3\node_modules\.bin;c:\Users\Dunn\bin;.;C:\Program Files (x86)\Git\local\bin;C:\Program Files (x86)\Git\mingw\bin;C:\Program Files (x86)\Git\bin;c:\ProgramData\Oracle\Java\javapath;c:\GNAT\2014\bin;c:\QtSDK\Desktop\Qt\4.8.0\mingw\lib;c:\Program Files (x86)\GnuWin32\bin;c:\Program Files (x86)\Haskell\bin;c:\Program Files (x86)\Haskell Platform\2011.2.0.1\lib\extralibs\bin;c:\Program Files (x86)\Haskell Platform\2011.2.0.1\bin;c:\Program Files\Common Files\Microsoft Shared\Windows Live;c:\Program Files (x86)\Common Files\Microsoft Shared\Windows Live;c:\windows\system32;c:\windows;c:\windows\System32\Wbem;c:\windows\System32\WindowsPowerShell\v1.0\;c:\Program Files (x86)\ATI Technologies\ATI.ACE\Core-Static;c:\Program Files (x86)\Common Files\Roxio Shared\DLLShared\;c:\Program Files (x86)\Windows Live\Shared;c:\MinGW\bin;c:\msys\1.0\bin;c:\Perl\perl\bin;c:\Perl\perl\site\bin;c:\Program Files (x86)\Microsoft SQL Server\100\Tools\Binn\;c:\Program Files\Microsoft SQL Server\100\Tools\Binn\;c:\Program Files\Microsoft SQL Server\100\DTS\Binn\;c:\lein;c:\Python27;c:\Python27\Scripts;c:\Go\bin;c:\Program Files (x86)\Gtk-Runtime\bin;c:\Program Files\Microsoft SQL Server\110\Tools\Binn\;c:\Program Files\Microsoft SQL Server\120\Tools\Binn\;c:\Program Files (x86)\JXcore;c:\ProgramData\chocolatey\bin;c:\Program Files\Java\jdk1.8.0_45\bin;c:\D\dmd2\windows\bin;c:\Program Files (x86)\dub;c:\Gocode\bin;c:\Program Files\Git\cmd;c:\Users\Dunn\AppData\Roaming\nvm;c:\Program Files\nodejs;c:\Program Files\7-Zip;c:\HashiCorp\Vagrant\bin;c:\Program Files (x86)\Brackets\command;c:\Program Files (x86)\Windows Kits\10\Windows Performance Toolkit\;c:\WINDOWS\system32;c:\WINDOWS;c:\WINDOWS\System32\Wbem;c:\WINDOWS\System32\WindowsPowerShell\v1.0\;c:\Program Files\TortoiseGit\bin;c:\Ruby22-x64\bin;c:\GNAT\x86_2014\bin;c:\GNAT\2014\bin;c:\Users\Dunn\AppData\Roaming\cabal\bin;c:\Users\Dunn\AppData\Local\atom\bin;c:\Users\Dunn\AppData\Local\Code\bin;c:\Nim\dist\mingw;c:\Nim\dist\mingw\bin;c:\Nim\bin;c:\Nim\dist\babel;C:\Program Files (x86)\Git\cmd;c:\Program Files (x86)\Microsoft VS Code\bin;c:\Program Files\Git\bin;c:\Users\Dunn\AppData\Roaming\nvm;c:\Program Files\nodejs;c:\Program Files\Docker Toolbox;c:\sqlite3;c:\DevKit;c:\DevKit\bin
10 verbose lifecycle angular2-webpack@1.0.0~start: CWD: F:\code2\ts-webpack-repo-3
11 silly lifecycle angular2-webpack@1.0.0~start: Args: [ '/d /s /c',
11 silly lifecycle   'webpack-dev-server --inline --progress --port 8080' ]
12 silly lifecycle angular2-webpack@1.0.0~start: Returned: code: 1  signal: null
13 info lifecycle angular2-webpack@1.0.0~start: Failed to exec start script
14 verbose stack Error: angular2-webpack@1.0.0 start: `webpack-dev-server --inline --progress --port 8080`
14 verbose stack Exit status 1
14 verbose stack     at EventEmitter.<anonymous> (C:\Users\Dunn\AppData\Roaming\nvm\v5.2.0\node_modules\npm\lib\utils\lifecycle.js:232:16)
14 verbose stack     at emitTwo (events.js:88:13)
14 verbose stack     at EventEmitter.emit (events.js:173:7)
14 verbose stack     at ChildProcess.<anonymous> (C:\Users\Dunn\AppData\Roaming\nvm\v5.2.0\node_modules\npm\lib\utils\spawn.js:24:14)
14 verbose stack     at emitTwo (events.js:88:13)
14 verbose stack     at ChildProcess.emit (events.js:173:7)
14 verbose stack     at maybeClose (internal/child_process.js:819:16)
14 verbose stack     at Process.ChildProcess._handle.onexit (internal/child_process.js:212:5)
15 verbose pkgid angular2-webpack@1.0.0
16 verbose cwd F:\code2\ts-webpack-repo-3
17 error Windows_NT 10.0.10586
18 error argv "c:\\Program Files\\nodejs\\node.exe" "c:\\Program Files\\nodejs\\node_modules\\npm\\bin\\npm-cli.js" "start"
19 error node v5.2.0
20 error npm  v3.3.12
21 error code ELIFECYCLE
22 error angular2-webpack@1.0.0 start: `webpack-dev-server --inline --progress --port 8080`
22 error Exit status 1
23 error Failed at the angular2-webpack@1.0.0 start script 'webpack-dev-server --inline --progress --port 8080'.
23 error Make sure you have the latest version of node.js and npm installed.
23 error If you do, this is most likely a problem with the angular2-webpack package,
23 error not with npm itself.
23 error Tell the author that this fails on your system:
23 error     webpack-dev-server --inline --progress --port 8080
23 error You can get their info via:
23 error     npm owner ls angular2-webpack
23 error There is likely additional logging output above.
24 verbose exit [ 1, true ]
